<?xml version="1.0" encoding="UTF-8"?>
<!-- Generated by org.testng.reporters.JUnitReportReporter -->
<testsuite ignored="0" hostname="LalitTewari" failures="0" tests="1" name="getRequest.GetData" time="3.029" errors="0" timestamp="23 Jun 2018 09:50:44 GMT" skipped="0">
  <testcase classname="getRequest.GetData" name="gettingResponse" time="3.029"/>
</testsuite> <!-- getRequest.GetData -->
